0 info it worked if it ends with ok
1 verbose cli [ '/usr/local/bin/node', '/usr/local/bin/npm', 'publish' ]
2 info using npm@3.10.8
3 info using node@v6.9.1
4 verbose publish [ '.' ]
5 silly cache add args [ '.', null ]
6 verbose cache add spec .
7 silly cache add parsed spec Result {
7 silly cache add   raw: '.',
7 silly cache add   scope: null,
7 silly cache add   escapedName: null,
7 silly cache add   name: null,
7 silly cache add   rawSpec: '.',
7 silly cache add   spec: '/Users/tandyli/project/test-new/frontEnd/gulp-jsvar',
7 silly cache add   type: 'directory' }
8 verbose addLocalDirectory /Users/tandyli/.npm/gulp-jsvar/1.0.0/package.tgz not in flight; packing
9 verbose correctMkdir /Users/tandyli/.npm correctMkdir not in flight; initializing
10 info lifecycle gulp-jsvar@1.0.0~prepublish: gulp-jsvar@1.0.0
11 silly lifecycle gulp-jsvar@1.0.0~prepublish: no script for prepublish, continuing
12 verbose tar pack [ '/Users/tandyli/.npm/gulp-jsvar/1.0.0/package.tgz',
12 verbose tar pack   '/Users/tandyli/project/test-new/frontEnd/gulp-jsvar' ]
13 verbose tarball /Users/tandyli/.npm/gulp-jsvar/1.0.0/package.tgz
14 verbose folder /Users/tandyli/project/test-new/frontEnd/gulp-jsvar
15 verbose addLocalTarball adding from inside cache /Users/tandyli/.npm/gulp-jsvar/1.0.0/package.tgz
16 verbose correctMkdir /Users/tandyli/.npm correctMkdir not in flight; initializing
17 silly cache afterAdd gulp-jsvar@1.0.0
18 verbose afterAdd /Users/tandyli/.npm/gulp-jsvar/1.0.0/package/package.json not in flight; writing
19 verbose correctMkdir /Users/tandyli/.npm correctMkdir not in flight; initializing
20 verbose afterAdd /Users/tandyli/.npm/gulp-jsvar/1.0.0/package/package.json written
21 silly publish { name: 'gulp-jsvar',
21 silly publish   version: '1.0.0',
21 silly publish   description: '通过配置文件改变变量内容',
21 silly publish   main: 'index.js',
21 silly publish   scripts: { test: 'echo "Error: no test specified" && exit 1' },
21 silly publish   author: { name: 'fire', email: '652346044@qq.com' },
21 silly publish   license: 'ISC',
21 silly publish   dependencies: { 'object-assign': '*', through2: '*' },
21 silly publish   maintainers: [ { name: 'fire', email: '652346044@qq.com' } ],
21 silly publish   readme: 'ERROR: No README data found!',
21 silly publish   _id: 'gulp-jsvar@1.0.0',
21 silly publish   _shasum: 'c961c46f6081b906ad6c93adeda47ea0b68371c7',
21 silly publish   _from: '.' }
22 verbose getPublishConfig undefined
23 silly mapToRegistry name gulp-jsvar
24 silly mapToRegistry using default registry
25 silly mapToRegistry registry https://registry.npm.taobao.org/
26 silly mapToRegistry data Result {
26 silly mapToRegistry   raw: 'gulp-jsvar',
26 silly mapToRegistry   scope: null,
26 silly mapToRegistry   escapedName: 'gulp-jsvar',
26 silly mapToRegistry   name: 'gulp-jsvar',
26 silly mapToRegistry   rawSpec: '',
26 silly mapToRegistry   spec: 'latest',
26 silly mapToRegistry   type: 'tag' }
27 silly mapToRegistry uri https://registry.npm.taobao.org/gulp-jsvar
28 verbose publish registryBase https://registry.npm.taobao.org/
29 silly publish uploading /Users/tandyli/.npm/gulp-jsvar/1.0.0/package.tgz
30 verbose request uri https://registry.npm.taobao.org/gulp-jsvar
31 verbose request sending authorization for write operation
32 info attempt registry request try #1 at 11:39:48
33 verbose request id 7fd98699ca4e0ce0
34 http request PUT https://registry.npm.taobao.org/gulp-jsvar
35 http 403 https://registry.npm.taobao.org/gulp-jsvar
36 verbose headers { date: 'Wed, 02 Nov 2016 03:39:48 GMT',
36 verbose headers   'content-type': 'application/json; charset=utf-8',
36 verbose headers   'content-length': '87',
36 verbose headers   connection: 'keep-alive',
36 verbose headers   'x-current-requests': '1',
36 verbose headers   'x-readtime': '10' }
37 verbose request invalidating /Users/tandyli/.npm/registry.npm.taobao.org/gulp-jsvar on PUT
38 error publish Failed PUT 403
39 verbose stack Error: no_perms Private mode enable, only admin can publish this module: gulp-jsvar
39 verbose stack     at makeError (/usr/local/lib/node_modules/npm/node_modules/npm-registry-client/lib/request.js:302:12)
39 verbose stack     at CachingRegistryClient.<anonymous> (/usr/local/lib/node_modules/npm/node_modules/npm-registry-client/lib/request.js:290:14)
39 verbose stack     at Request._callback (/usr/local/lib/node_modules/npm/node_modules/npm-registry-client/lib/request.js:210:14)
39 verbose stack     at Request.self.callback (/usr/local/lib/node_modules/npm/node_modules/request/request.js:187:22)
39 verbose stack     at emitTwo (events.js:106:13)
39 verbose stack     at Request.emit (events.js:191:7)
39 verbose stack     at Request.<anonymous> (/usr/local/lib/node_modules/npm/node_modules/request/request.js:1044:10)
39 verbose stack     at emitOne (events.js:96:13)
39 verbose stack     at Request.emit (events.js:188:7)
39 verbose stack     at IncomingMessage.<anonymous> (/usr/local/lib/node_modules/npm/node_modules/request/request.js:965:12)
40 verbose statusCode 403
41 verbose pkgid gulp-jsvar
42 verbose cwd /Users/tandyli/project/test-new/frontEnd/gulp-jsvar
43 error Darwin 15.6.0
44 error argv "/usr/local/bin/node" "/usr/local/bin/npm" "publish"
45 error node v6.9.1
46 error npm  v3.10.8
47 error code E403
48 error no_perms Private mode enable, only admin can publish this module: gulp-jsvar
49 error If you need help, you may report this error at:
49 error     <https://github.com/npm/npm/issues>
50 verbose exit [ 1, true ]
